<?xml version="1.0" encoding="UTF-8"?>
<!-- Generated by org.testng.reporters.JUnitReportReporter -->
<testsuite hostname="UTIPPANAMBP18.local" failures="0" tests="3" name="com.tests.LoginTest" time="8.017" errors="0" timestamp="3 May 2022 06:32:51 GMT">
  <testcase classname="com.tests.LoginTest" name="verifyLogin_UnAuthorizedUser" time="2.112"/>
  <testcase classname="com.tests.LoginTest" name="verifyLoginPageTitle" time="3.626"/>
  <testcase classname="com.tests.LoginTest" name="verifyLogin_AuthorizedUser" time="2.279"/>
</testsuite> <!-- com.tests.LoginTest -->
